# JRE version: OpenJDK Runtime Environment (11.0.12+7) (build 11.0.12+7-b1504.28-7817840)
# Java VM: OpenJDK 64-Bit Server VM (11.0.12+7-b1504.28-7817840, mixed mode, tiered, compressed oops, g1 gc, windows-amd64)
Heap:
 garbage-first heap   total 229376K, used 138670K [0x0000000080000000, 0x0000000100000000)
  region size 1024K, 39 young (39936K), 8 survivors (8192K)
 Metaspace       used 106064K, capacity 108590K, committed 108620K, reserved 1144832K
  class space    used 13334K, capacity 14268K, committed 14284K, reserved 1048576K
GC Heap History (20 events):
Event: 15.070 GC heap before
{Heap before GC invocations=26 (full 0):
 garbage-first heap   total 155648K, used 137207K [0x0000000080000000, 0x0000000100000000)
  region size 1024K, 24 young (24576K), 4 survivors (4096K)
 Metaspace       used 88115K, capacity 90287K, committed 90828K, reserved 1128448K
  class space    used 11361K, capacity 12170K, committed 12364K, reserved 1048576K
}
Event: 15.075 GC heap after
{Heap after GC invocations=27 (full 0):
 garbage-first heap   total 155648K, used 101688K [0x0000000080000000, 0x0000000100000000)
  region size 1024K, 2 young (2048K), 2 survivors (2048K)
 Metaspace       used 88115K, capacity 90287K, committed 90828K, reserved 1128448K
  class space    used 11361K, capacity 12170K, committed 12364K, reserved 1048576K
}
Event: 15.254 GC heap before
{Heap before GC invocations=27 (full 0):
 garbage-first heap   total 155648K, used 121144K [0x0000000080000000, 0x0000000100000000)
  region size 1024K, 22 young (22528K), 2 survivors (2048K)
 Metaspace       used 89323K, capacity 91465K, committed 91852K, reserved 1128448K
  class space    used 11462K, capacity 12270K, committed 12364K, reserved 1048576K
}
Event: 15.261 GC heap after
{Heap after GC invocations=28 (full 0):
 garbage-first heap   total 155648K, used 103519K [0x0000000080000000, 0x0000000100000000)
  region size 1024K, 3 young (3072K), 3 survivors (3072K)
 Metaspace       used 89323K, capacity 91465K, committed 91852K, reserved 1128448K
  class space    used 11462K, capacity 12270K, committed 12364K, reserved 1048576K
}
Event: 15.515 GC heap before
{Heap before GC invocations=29 (full 0):
 garbage-first heap   total 155648K, used 122975K [0x0000000080000000, 0x0000000100000000)
  region size 1024K, 23 young (23552K), 3 survivors (3072K)
 Metaspace       used 89660K, capacity 91855K, committed 92108K, reserved 1128448K
  class space    used 11478K, capacity 12270K, committed 12364K, reserved 1048576K
}
Event: 15.522 GC heap after
{Heap after GC invocations=30 (full 0):
 garbage-first heap   total 190464K, used 106806K [0x0000000080000000, 0x0000000100000000)
  region size 1024K, 3 young (3072K), 3 survivors (3072K)
 Metaspace       used 89660K, capacity 91855K, committed 92108K, reserved 1128448K
  class space    used 11478K, capacity 12270K, committed 12364K, reserved 1048576K
}
Event: 15.569 GC heap before
{Heap before GC invocations=30 (full 0):
 garbage-first heap   total 190464K, used 111926K [0x0000000080000000, 0x0000000100000000)
  region size 1024K, 9 young (9216K), 3 survivors (3072K)
 Metaspace       used 89724K, capacity 91858K, committed 92108K, reserved 1128448K
  class space    used 11480K, capacity 12270K, committed 12364K, reserved 1048576K
}
Event: 15.575 GC heap after
{Heap after GC invocations=31 (full 0):
 garbage-first heap   total 190464K, used 95757K [0x0000000080000000, 0x0000000100000000)
  region size 1024K, 2 young (2048K), 2 survivors (2048K)
 Metaspace       used 89724K, capacity 91858K, committed 92108K, reserved 1128448K
  class space    used 11480K, capacity 12270K, committed 12364K, reserved 1048576K
}
Event: 15.843 GC heap before
{Heap before GC invocations=31 (full 0):
 garbage-first heap   total 190464K, used 129549K [0x0000000080000000, 0x0000000100000000)
  region size 1024K, 36 young (36864K), 2 survivors (2048K)
 Metaspace       used 92004K, capacity 94119K, committed 94412K, reserved 1130496K
  class space    used 11658K, capacity 12435K, committed 12620K, reserved 1048576K
}
Event: 15.848 GC heap after
{Heap after GC invocations=32 (full 0):
 garbage-first heap   total 190464K, used 98530K [0x0000000080000000, 0x0000000100000000)
  region size 1024K, 4 young (4096K), 4 survivors (4096K)
 Metaspace       used 92004K, capacity 94119K, committed 94412K, reserved 1130496K
  class space    used 11658K, capacity 12435K, committed 12620K, reserved 1048576K
}
Event: 16.086 GC heap before
{Heap before GC invocations=33 (full 0):
 garbage-first heap   total 190464K, used 128225K [0x0000000080000000, 0x0000000100000000)
  region size 1024K, 40 young (40960K), 4 survivors (4096K)
 Metaspace       used 92845K, capacity 95042K, committed 95436K, reserved 1132544K
  class space    used 11717K, capacity 12503K, committed 12620K, reserved 1048576K
}
Event: 16.093 GC heap after
{Heap after GC invocations=34 (full 0):
 garbage-first heap   total 190464K, used 92561K [0x0000000080000000, 0x0000000100000000)
  region size 1024K, 2 young (2048K), 2 survivors (2048K)
 Metaspace       used 92845K, capacity 95042K, committed 95436K, reserved 1132544K
  class space    used 11717K, capacity 12503K, committed 12620K, reserved 1048576K
}
Event: 16.125 GC heap before
{Heap before GC invocations=34 (full 0):
 garbage-first heap   total 190464K, used 98705K [0x0000000080000000, 0x0000000100000000)
  region size 1024K, 9 young (9216K), 2 survivors (2048K)
 Metaspace       used 92865K, capacity 95046K, committed 95436K, reserved 1132544K
  class space    used 11718K, capacity 12504K, committed 12620K, reserved 1048576K
}
Event: 16.128 GC heap after
{Heap after GC invocations=35 (full 0):
 garbage-first heap   total 229376K, used 89632K [0x0000000080000000, 0x0000000100000000)
  region size 1024K, 1 young (1024K), 1 survivors (1024K)
 Metaspace       used 92865K, capacity 95046K, committed 95436K, reserved 1132544K
  class space    used 11718K, capacity 12504K, committed 12620K, reserved 1048576K
}
Event: 16.664 GC heap before
{Heap before GC invocations=35 (full 0):
 garbage-first heap   total 229376K, used 149024K [0x0000000080000000, 0x0000000100000000)
  region size 1024K, 60 young (61440K), 1 survivors (1024K)
 Metaspace       used 95305K, capacity 97544K, committed 97868K, reserved 1134592K
  class space    used 12027K, capacity 12842K, committed 13004K, reserved 1048576K
}
Event: 16.667 GC heap after
{Heap after GC invocations=36 (full 0):
 garbage-first heap   total 229376K, used 92663K [0x0000000080000000, 0x0000000100000000)
  region size 1024K, 4 young (4096K), 4 survivors (4096K)
 Metaspace       used 95305K, capacity 97544K, committed 97868K, reserved 1134592K
  class space    used 12027K, capacity 12842K, committed 13004K, reserved 1048576K
}
Event: 19.633 GC heap before
{Heap before GC invocations=36 (full 0):
 garbage-first heap   total 229376K, used 156151K [0x0000000080000000, 0x0000000100000000)
  region size 1024K, 67 young (68608K), 4 survivors (4096K)
 Metaspace       used 97753K, capacity 100019K, committed 100172K, reserved 1136640K
  class space    used 12292K, capacity 13115K, committed 13260K, reserved 1048576K
}
Event: 19.686 GC heap after
{Heap after GC invocations=37 (full 0):
 garbage-first heap   total 229376K, used 100157K [0x0000000080000000, 0x0000000100000000)
  region size 1024K, 9 young (9216K), 9 survivors (9216K)
 Metaspace       used 97753K, capacity 100019K, committed 100172K, reserved 1136640K
  class space    used 12292K, capacity 13115K, committed 13260K, reserved 1048576K
}
Event: 21.039 GC heap before
{Heap before GC invocations=37 (full 0):
 garbage-first heap   total 229376K, used 165693K [0x0000000080000000, 0x0000000100000000)
  region size 1024K, 72 young (73728K), 9 survivors (9216K)
 Metaspace       used 104548K, capacity 106989K, committed 107212K, reserved 1142784K
  class space    used 13169K, capacity 14076K, committed 14156K, reserved 1048576K
}
Event: 21.059 GC heap after
{Heap after GC invocations=38 (full 0):
 garbage-first heap   total 229376K, used 108974K [0x0000000080000000, 0x0000000100000000)
  region size 1024K, 8 young (8192K), 8 survivors (8192K)
 Metaspace       used 104548K, capacity 106989K, committed 107212K, reserved 1142784K
  class space    used 13169K, capacity 14076K, committed 14156K, reserved 1048576K
}

